Run Information
========================
cognizant.intelligent.test.scripter.engine : 2.0
java.runtime.name    : Java(TM) SE Runtime Environment
java.version         : 19
java.home            : C:\Program Files\Java\jdk-19
os.name              : Windows 10
os.arch              : amd64
os.version           : 10.0
file.encoding        : UTF-8
========================
Run Started on Mon Feb 27 15:44:02 IST 2023
Loading Browser Profile
Loading RunManager
[Scenario:Sign_In Functionality] [TestCase: TC_Sign_In] [Description: Test Run] [Browser: Chrome] [BrowserVersion: default] [Platform: ANY][ExistingBrowser: false]
Initializing Report
[Thread-48] WARN com.cognizant.cognizantits.engine.core.TMIntegration - TM integration disabled for testcases running via design mode
ApiLink not available!!
Run Manager true
Continue Execution true
Shutting Down Thread as there is no need for SelectiveThreading
Running Iteration 1
Launching Chrome
Launching Local Driver
Starting ChromeDriver 110.0.5481.77 (65ed616c6e8ee3fe0ad64fe83796c020644d42af-refs/branch-heads/5481@{#839}) on port 40377
Only local connections are allowed.
Please see https://chromedriver.chromium.org/security-considerations for suggestions on keeping ChromeDriver safe.
ChromeDriver was started successfully.
[1677492844.536][WARNING]: virtual void DevToolsClientImpl::AddListener(DevToolsEventListener *) subscribing a listener to the already connected DevToolsClient. Connection notification will not arrive.
2023-02-27 15:44:05:02S +0530 [INFO] org.openqa.selenium.remote.ProtocolHandshake createSession:Detected dialect: W3C
Chrome Launched
Step:1   | Object: Browser | Action: Open | Input: @onenvops-ui-new.azurewebsites.net: | Conditon:  | @27-Feb-2023 15:44:05.005
[DONE]   | Opened Url: onenvops-ui-new.azurewebsites.net:

===================================================================================================

Step:2   | Object: Sign In | Action: Click | Input:  | Conditon:  | @27-Feb-2023 15:44:05.005
Element could not be identified with [relative_xpath] : [//button[@type='submit']]
Expected condition failed: waiting for presence of any elements located by By.xpath: //button[@type='submit'] (tried for 10 second(s) with 500 milliseconds interval)

Element could not be identified with [xpath] : [/html/body/div/app-root/div/div/app-login/div/div/div[2]/div/form/button]
Expected condition failed: waiting for presence of any elements located by By.xpath: /html/body/div/app-root/div/div/app-login/div/div/div[2]/div/form/button (tried for 10 second(s) with 500 milliseconds interval)

Element could not be identified with [class] : [col-md-12 mt-4 btn btn-sm btn-orange fw-semibold]
Expected condition failed: waiting for presence of any elements located by By.xpath: //*[@className='col-md-12 mt-4 btn btn-sm btn-orange fw-semibold'] (tried for 10 second(s) with 500 milliseconds interval)

Element could not be identified with [css] : [html > body > #wrapper > app-root > div.main-box > div.p-0 > app-login > div.bg-image > div.row.mx-0 bg-black-50 > div.hero-static.col-md-6 col-xl-4 d-flex align-items-center bg-body-extra-light > div.content.content-full > form.js-validation-signin.px-4 ng-untouched ng-pristine ng-valid > button.col-md-12.mt-4 btn btn-sm btn-orange fw-semibold]
2023-02-27 15:44:46:02S +0530 [OFF ] com.cognizant.cognizantits.engine.drivers.AutomationObject getElements:null
java.lang.StringIndexOutOfBoundsException: Range [0, -1) out of bounds for length 493
	at java.base/jdk.internal.util.Preconditions$1.apply(Preconditions.java:55)
	at java.base/jdk.internal.util.Preconditions$1.apply(Preconditions.java:52)
	at java.base/jdk.internal.util.Preconditions$4.apply(Preconditions.java:213)
	at java.base/jdk.internal.util.Preconditions$4.apply(Preconditions.java:210)
	at java.base/jdk.internal.util.Preconditions.outOfBounds(Preconditions.java:98)
	at java.base/jdk.internal.util.Preconditions.outOfBoundsCheckFromToIndex(Preconditions.java:112)
	at java.base/jdk.internal.util.Preconditions.checkFromToIndex(Preconditions.java:349)
	at java.base/java.lang.String.checkBoundsBeginEnd(String.java:4602)
	at java.base/java.lang.String.substring(String.java:2715)
	at com.cognizant.cognizantits.engine.drivers.AutomationObject.lambda$getElements$0(AutomationObject.java:363)
	at org.openqa.selenium.support.ui.FluentWait.until(FluentWait.java:249)
	at com.cognizant.cognizantits.engine.drivers.AutomationObject.getElements(AutomationObject.java:322)
	at com.cognizant.cognizantits.engine.drivers.AutomationObject.getWElements(AutomationObject.java:273)
	at com.cognizant.cognizantits.engine.drivers.AutomationObject.findElements(AutomationObject.java:260)
	at com.cognizant.cognizantits.engine.drivers.AutomationObject.findElement(AutomationObject.java:136)
	at com.cognizant.cognizantits.engine.drivers.AutomationObject.findElement(AutomationObject.java:129)
	at com.cognizant.cognizantits.engine.core.CommandControl.sync(CommandControl.java:98)
	at com.cognizant.cognizantits.engine.core.CommandControl.sync(CommandControl.java:183)
	at com.cognizant.cognizantits.engine.execution.run.TestStepRunner.executeStep(TestStepRunner.java:160)
	at com.cognizant.cognizantits.engine.execution.run.TestStepRunner.executeStep(TestStepRunner.java:147)
	at com.cognizant.cognizantits.engine.execution.run.TestStepRunner.run(TestStepRunner.java:66)
	at com.cognizant.cognizantits.engine.execution.run.TestCaseRunner.runStep(TestCaseRunner.java:397)
	at com.cognizant.cognizantits.engine.execution.run.TestCaseRunner.run(TestCaseRunner.java:348)
	at com.cognizant.cognizantits.engine.core.Task.runIteration(Task.java:127)
	at com.cognizant.cognizantits.engine.core.Task.run(Task.java:83)
	at java.base/java.util.concurrent.ThreadPoolExecutor.runWorker(ThreadPoolExecutor.java:1144)
	at java.base/java.util.concurrent.ThreadPoolExecutor$Worker.run(ThreadPoolExecutor.java:642)
	at java.base/java.lang.Thread.run(Thread.java:1589)

Couldn't find Object 'Sign In' in stipulated Time '10' Seconds
2023-02-27 15:44:46:02S +0530 [SEVERE] com.cognizant.cognizantits.engine.core.Task runIteration:Driver Chrome Closed / Could not be reached
com.cognizant.cognizantits.engine.execution.exception.DriverClosedException: Driver Chrome Closed / Could not be reached
	at com.cognizant.cognizantits.engine.drivers.SeleniumDriver.isAlive(SeleniumDriver.java:148)
	at com.cognizant.cognizantits.engine.commands.Command.isDriverAlive(Command.java:140)
	at com.cognizant.cognizantits.engine.commands.General.checkIfDriverIsAlive(General.java:37)
	at com.cognizant.cognizantits.engine.commands.General.elementPresent(General.java:45)
	at com.cognizant.cognizantits.engine.commands.General.elementDisplayed(General.java:56)
	at com.cognizant.cognizantits.engine.commands.General.elementEnabled(General.java:63)
	at com.cognizant.cognizantits.engine.commands.Basic.Click(Basic.java:47)
	at com.cognizant.cognizantits.engine.support.reflect.MethodExecutor.executeMethod(MethodExecutor.java:39)
	at com.cognizant.cognizantits.engine.execution.run.TestStepRunner.executeAction(TestStepRunner.java:165)
	at com.cognizant.cognizantits.engine.execution.run.TestStepRunner.executeStep(TestStepRunner.java:161)
	at com.cognizant.cognizantits.engine.execution.run.TestStepRunner.executeStep(TestStepRunner.java:147)
	at com.cognizant.cognizantits.engine.execution.run.TestStepRunner.run(TestStepRunner.java:66)
	at com.cognizant.cognizantits.engine.execution.run.TestCaseRunner.runStep(TestCaseRunner.java:397)
	at com.cognizant.cognizantits.engine.execution.run.TestCaseRunner.run(TestCaseRunner.java:348)
	at com.cognizant.cognizantits.engine.core.Task.runIteration(Task.java:127)
	at com.cognizant.cognizantits.engine.core.Task.run(Task.java:83)
	at java.base/java.util.concurrent.ThreadPoolExecutor.runWorker(ThreadPoolExecutor.java:1144)
	at java.base/java.util.concurrent.ThreadPoolExecutor$Worker.run(ThreadPoolExecutor.java:642)
	at java.base/java.lang.Thread.run(Thread.java:1589)

[FAIL]   | Driver Chrome Closed / Could not be reached

===================================================================================================


---------------------------------------------------
Testcase Name        : Sign_In Functionality:TC_Sign_In
Executed Steps       : 2
Passed Steps         : 1
Failed Steps         : 1
Time Taken           : 00:00:44
-----------------------------------------------------

Run Finished on Mon Feb 27 15:44:46 IST 2023
-----------------------------------------------------
ExecutionDate        : 27-Feb-2023 15-44-02
Executed TestCases   : 1
Passed TestCases     : 0
Failed TestCases     : 1
Time Taken           : 00:00:44
ReportPath           : file:///E:\One NVOps - CITS Automation\cognizant-intelligent-test-scripter-2.0\Projects\Project Name\Results\TestDesign\Sign_In Functionality\TC_Sign_In\27-Feb-2023 15-44-02\summary.html
-----------------------------------------------------
[Thread-48] INFO com.cognizant.cognizantits.engine.support.DesktopApi - Trying to Open - E:\One NVOps - CITS Automation\cognizant-intelligent-test-scripter-2.0\Projects\Project Name\Results\TestDesign\Sign_In Functionality\TC_Sign_In\27-Feb-2023 15-44-02\summary.html
[Thread-48] INFO com.cognizant.cognizantits.engine.support.DesktopApi - Trying to exec: [explorer] [%s] [E:\One NVOps - CITS Automation\cognizant-intelligent-test-scripter-2.0\Projects\Project Name\Results\TestDesign\Sign_In Functionality\TC_Sign_In\27-Feb-2023 15-44-02\summary.html]
